2026-07-05 13:08:03,736 | INFO | Scanning repository: workspace\repositories\Churn-rate-prediction-using-ANN
2026-07-05 13:08:03,739 | INFO | Found 2 files.
2026-07-06 15:57:48,276 | INFO | Created branch: autofix/database-lookup-fails-20260706-1557
2026-07-06 15:57:49,181 | INFO | Pushing branch: autofix/database-lookup-fails-20260706-1330
2026-07-06 15:57:51,322 | INFO | Push successful.
2026-07-06 16:12:04,869 | INFO | Created branch: autofix/database-lookup-fails-20260706-1612
2026-07-06 16:12:05,016 | INFO | No changes to commit.
2026-07-06 16:12:07,007 | INFO | Pushing branch: autofix/database-lookup-fails-20260706-1612
2026-07-06 16:12:10,542 | INFO | Push successful.
2026-07-09 12:51:21,758 | INFO | HTTP Request: GET https://a2a628a4-fa75-4011-ae19-ac53f65b951f.eu-west-2-0.aws.cloud.qdrant.io:6333 "HTTP/1.1 200 OK"
2026-07-09 13:00:52,010 | INFO | HTTP Request: GET https://a2a628a4-fa75-4011-ae19-ac53f65b951f.eu-west-2-0.aws.cloud.qdrant.io:6333 "HTTP/1.1 200 OK"
2026-07-09 13:53:13,564 | INFO | HTTP Request: GET https://a2a628a4-fa75-4011-ae19-ac53f65b951f.eu-west-2-0.aws.cloud.qdrant.io:6333 "HTTP/1.1 200 OK"
2026-07-09 13:53:13,702 | INFO | HTTP Request: GET https://hsoqpekheoymjspsqybs.supabase.co/rest/v1/jobs?select=%2A&status=eq.queued&order=id.asc "HTTP/2 200 OK"
2026-07-09 13:53:13,881 | INFO | HTTP Request: PATCH https://hsoqpekheoymjspsqybs.supabase.co/rest/v1/jobs?id=eq.1 "HTTP/2 200 OK"
2026-07-09 13:53:13,882 | INFO | ======================================================================
2026-07-09 13:53:13,882 | INFO | AUTOFIX AI STARTED
2026-07-09 13:53:13,883 | INFO | ======================================================================
2026-07-09 13:53:13,883 | INFO | Issue : test issue
2026-07-09 13:53:13,883 | INFO | Repository : Shreyank02/test
2026-07-09 13:53:13,883 | INFO | Repository not found locally. Cloning...
2026-07-09 13:53:13,883 | INFO | Repository not found locally. Cloning...
2026-07-09 13:53:14,064 | INFO | HTTP Request: PATCH https://hsoqpekheoymjspsqybs.supabase.co/rest/v1/jobs?id=eq.1 "HTTP/2 200 OK"
2026-07-09 13:53:16,255 | INFO | HTTP Request: GET https://hsoqpekheoymjspsqybs.supabase.co/rest/v1/jobs?select=%2A&status=eq.queued&order=id.asc "HTTP/2 200 OK"
2026-07-09 13:53:16,431 | INFO | HTTP Request: PATCH https://hsoqpekheoymjspsqybs.supabase.co/rest/v1/jobs?id=eq.2 "HTTP/2 200 OK"
2026-07-09 13:53:16,432 | INFO | ======================================================================
2026-07-09 13:53:16,432 | INFO | AUTOFIX AI STARTED
2026-07-09 13:53:16,432 | INFO | ======================================================================
2026-07-09 13:53:16,432 | INFO | Issue : subtract() unction is not working
2026-07-09 13:53:16,432 | INFO | Repository : Shreyank02/autofix_testing_repo
2026-07-09 13:53:16,432 | INFO | Repository not found locally. Cloning...
2026-07-09 13:53:16,432 | INFO | Repository not found locally. Cloning...
2026-07-09 13:53:16,590 | INFO | HTTP Request: PATCH https://hsoqpekheoymjspsqybs.supabase.co/rest/v1/jobs?id=eq.2 "HTTP/2 200 OK"
2026-07-09 13:53:18,774 | INFO | HTTP Request: GET https://hsoqpekheoymjspsqybs.supabase.co/rest/v1/jobs?select=%2A&status=eq.queued&order=id.asc "HTTP/2 200 OK"
2026-07-09 13:53:20,952 | INFO | HTTP Request: GET https://hsoqpekheoymjspsqybs.supabase.co/rest/v1/jobs?select=%2A&status=eq.queued&order=id.asc "HTTP/2 200 OK"
2026-07-09 13:53:23,132 | INFO | HTTP Request: GET https://hsoqpekheoymjspsqybs.supabase.co/rest/v1/jobs?select=%2A&status=eq.queued&order=id.asc "HTTP/2 200 OK"
2026-07-09 13:53:25,326 | INFO | HTTP Request: GET https://hsoqpekheoymjspsqybs.supabase.co/rest/v1/jobs?select=%2A&status=eq.queued&order=id.asc "HTTP/2 200 OK"
2026-07-09 13:53:27,513 | INFO | HTTP Request: GET https://hsoqpekheoymjspsqybs.supabase.co/rest/v1/jobs?select=%2A&status=eq.queued&order=id.asc "HTTP/2 200 OK"
2026-07-09 13:53:29,706 | INFO | HTTP Request: GET https://hsoqpekheoymjspsqybs.supabase.co/rest/v1/jobs?select=%2A&status=eq.queued&order=id.asc "HTTP/2 200 OK"
2026-07-09 13:53:31,894 | INFO | HTTP Request: GET https://hsoqpekheoymjspsqybs.supabase.co/rest/v1/jobs?select=%2A&status=eq.queued&order=id.asc "HTTP/2 200 OK"
2026-07-09 13:53:34,070 | INFO | HTTP Request: GET https://hsoqpekheoymjspsqybs.supabase.co/rest/v1/jobs?select=%2A&status=eq.queued&order=id.asc "HTTP/2 200 OK"
2026-07-09 13:53:36,246 | INFO | HTTP Request: GET https://hsoqpekheoymjspsqybs.supabase.co/rest/v1/jobs?select=%2A&status=eq.queued&order=id.asc "HTTP/2 200 OK"
2026-07-09 13:53:38,470 | INFO | HTTP Request: GET https://hsoqpekheoymjspsqybs.supabase.co/rest/v1/jobs?select=%2A&status=eq.queued&order=id.asc "HTTP/2 200 OK"
2026-07-09 13:53:40,642 | INFO | HTTP Request: GET https://hsoqpekheoymjspsqybs.supabase.co/rest/v1/jobs?select=%2A&status=eq.queued&order=id.asc "HTTP/2 200 OK"
2026-07-09 13:53:42,820 | INFO | HTTP Request: GET https://hsoqpekheoymjspsqybs.supabase.co/rest/v1/jobs?select=%2A&status=eq.queued&order=id.asc "HTTP/2 200 OK"
2026-07-09 13:53:45,319 | INFO | HTTP Request: GET https://hsoqpekheoymjspsqybs.supabase.co/rest/v1/jobs?select=%2A&status=eq.queued&order=id.asc "HTTP/2 200 OK"
2026-07-09 13:53:47,513 | INFO | HTTP Request: GET https://hsoqpekheoymjspsqybs.supabase.co/rest/v1/jobs?select=%2A&status=eq.queued&order=id.asc "HTTP/2 200 OK"
2026-07-09 13:53:49,685 | INFO | HTTP Request: GET https://hsoqpekheoymjspsqybs.supabase.co/rest/v1/jobs?select=%2A&status=eq.queued&order=id.asc "HTTP/2 200 OK"
2026-07-09 13:53:51,888 | INFO | HTTP Request: GET https://hsoqpekheoymjspsqybs.supabase.co/rest/v1/jobs?select=%2A&status=eq.queued&order=id.asc "HTTP/2 200 OK"
2026-07-09 13:53:54,063 | INFO | HTTP Request: GET https://hsoqpekheoymjspsqybs.supabase.co/rest/v1/jobs?select=%2A&status=eq.queued&order=id.asc "HTTP/2 200 OK"
2026-07-09 13:53:56,253 | INFO | HTTP Request: GET https://hsoqpekheoymjspsqybs.supabase.co/rest/v1/jobs?select=%2A&status=eq.queued&order=id.asc "HTTP/2 200 OK"
2026-07-09 13:53:58,444 | INFO | HTTP Request: GET https://hsoqpekheoymjspsqybs.supabase.co/rest/v1/jobs?select=%2A&status=eq.queued&order=id.asc "HTTP/2 200 OK"
2026-07-09 13:54:00,613 | INFO | HTTP Request: GET https://hsoqpekheoymjspsqybs.supabase.co/rest/v1/jobs?select=%2A&status=eq.queued&order=id.asc "HTTP/2 200 OK"
2026-07-09 13:54:02,783 | INFO | HTTP Request: GET https://hsoqpekheoymjspsqybs.supabase.co/rest/v1/jobs?select=%2A&status=eq.queued&order=id.asc "HTTP/2 200 OK"
2026-07-09 13:54:04,987 | INFO | HTTP Request: GET https://hsoqpekheoymjspsqybs.supabase.co/rest/v1/jobs?select=%2A&status=eq.queued&order=id.asc "HTTP/2 200 OK"
2026-07-09 13:54:07,166 | INFO | HTTP Request: GET https://hsoqpekheoymjspsqybs.supabase.co/rest/v1/jobs?select=%2A&status=eq.queued&order=id.asc "HTTP/2 200 OK"
2026-07-09 13:54:09,323 | INFO | HTTP Request: GET https://hsoqpekheoymjspsqybs.supabase.co/rest/v1/jobs?select=%2A&status=eq.queued&order=id.asc "HTTP/2 200 OK"
2026-07-09 13:54:11,514 | INFO | HTTP Request: GET https://hsoqpekheoymjspsqybs.supabase.co/rest/v1/jobs?select=%2A&status=eq.queued&order=id.asc "HTTP/2 200 OK"
2026-07-09 14:04:19,829 | INFO | HTTP Request: GET https://a2a628a4-fa75-4011-ae19-ac53f65b951f.eu-west-2-0.aws.cloud.qdrant.io:6333 "HTTP/1.1 200 OK"
2026-07-09 14:04:20,320 | INFO | HTTP Request: GET https://hsoqpekheoymjspsqybs.supabase.co/rest/v1/jobs?select=%2A&status=eq.queued&order=id.asc "HTTP/2 200 OK"
2026-07-09 14:04:22,506 | INFO | HTTP Request: GET https://hsoqpekheoymjspsqybs.supabase.co/rest/v1/jobs?select=%2A&status=eq.queued&order=id.asc "HTTP/2 200 OK"
2026-07-09 14:04:24,678 | INFO | HTTP Request: GET https://hsoqpekheoymjspsqybs.supabase.co/rest/v1/jobs?select=%2A&status=eq.queued&order=id.asc "HTTP/2 200 OK"
2026-07-09 14:04:26,853 | INFO | HTTP Request: GET https://hsoqpekheoymjspsqybs.supabase.co/rest/v1/jobs?select=%2A&status=eq.queued&order=id.asc "HTTP/2 200 OK"
2026-07-09 14:04:29,018 | INFO | HTTP Request: GET https://hsoqpekheoymjspsqybs.supabase.co/rest/v1/jobs?select=%2A&status=eq.queued&order=id.asc "HTTP/2 200 OK"
2026-07-09 14:04:31,197 | INFO | HTTP Request: GET https://hsoqpekheoymjspsqybs.supabase.co/rest/v1/jobs?select=%2A&status=eq.queued&order=id.asc "HTTP/2 200 OK"
2026-07-09 14:04:33,374 | INFO | HTTP Request: GET https://hsoqpekheoymjspsqybs.supabase.co/rest/v1/jobs?select=%2A&status=eq.queued&order=id.asc "HTTP/2 200 OK"
2026-07-09 14:04:35,533 | INFO | HTTP Request: GET https://hsoqpekheoymjspsqybs.supabase.co/rest/v1/jobs?select=%2A&status=eq.queued&order=id.asc "HTTP/2 200 OK"
2026-07-09 14:04:37,712 | INFO | HTTP Request: GET https://hsoqpekheoymjspsqybs.supabase.co/rest/v1/jobs?select=%2A&status=eq.queued&order=id.asc "HTTP/2 200 OK"
2026-07-09 14:04:39,892 | INFO | HTTP Request: GET https://hsoqpekheoymjspsqybs.supabase.co/rest/v1/jobs?select=%2A&status=eq.queued&order=id.asc "HTTP/2 200 OK"
2026-07-09 14:04:42,058 | INFO | HTTP Request: GET https://hsoqpekheoymjspsqybs.supabase.co/rest/v1/jobs?select=%2A&status=eq.queued&order=id.asc "HTTP/2 200 OK"
2026-07-09 14:04:44,242 | INFO | HTTP Request: GET https://hsoqpekheoymjspsqybs.supabase.co/rest/v1/jobs?select=%2A&status=eq.queued&order=id.asc "HTTP/2 200 OK"
2026-07-09 14:04:46,408 | INFO | HTTP Request: GET https://hsoqpekheoymjspsqybs.supabase.co/rest/v1/jobs?select=%2A&status=eq.queued&order=id.asc "HTTP/2 200 OK"
2026-07-09 14:04:48,562 | INFO | HTTP Request: GET https://hsoqpekheoymjspsqybs.supabase.co/rest/v1/jobs?select=%2A&status=eq.queued&order=id.asc "HTTP/2 200 OK"
2026-07-09 14:04:50,732 | INFO | HTTP Request: GET https://hsoqpekheoymjspsqybs.supabase.co/rest/v1/jobs?select=%2A&status=eq.queued&order=id.asc "HTTP/2 200 OK"
2026-07-09 14:04:52,928 | INFO | HTTP Request: GET https://hsoqpekheoymjspsqybs.supabase.co/rest/v1/jobs?select=%2A&status=eq.queued&order=id.asc "HTTP/2 200 OK"
2026-07-09 14:04:55,092 | INFO | HTTP Request: GET https://hsoqpekheoymjspsqybs.supabase.co/rest/v1/jobs?select=%2A&status=eq.queued&order=id.asc "HTTP/2 200 OK"
2026-07-09 14:04:57,261 | INFO | HTTP Request: GET https://hsoqpekheoymjspsqybs.supabase.co/rest/v1/jobs?select=%2A&status=eq.queued&order=id.asc "HTTP/2 200 OK"
2026-07-09 14:04:59,449 | INFO | HTTP Request: GET https://hsoqpekheoymjspsqybs.supabase.co/rest/v1/jobs?select=%2A&status=eq.queued&order=id.asc "HTTP/2 200 OK"
2026-07-09 14:05:01,619 | INFO | HTTP Request: GET https://hsoqpekheoymjspsqybs.supabase.co/rest/v1/jobs?select=%2A&status=eq.queued&order=id.asc "HTTP/2 200 OK"
2026-07-09 14:05:03,794 | INFO | HTTP Request: GET https://hsoqpekheoymjspsqybs.supabase.co/rest/v1/jobs?select=%2A&status=eq.queued&order=id.asc "HTTP/2 200 OK"
2026-07-09 14:05:05,962 | INFO | HTTP Request: GET https://hsoqpekheoymjspsqybs.supabase.co/rest/v1/jobs?select=%2A&status=eq.queued&order=id.asc "HTTP/2 200 OK"
2026-07-09 14:05:08,130 | INFO | HTTP Request: GET https://hsoqpekheoymjspsqybs.supabase.co/rest/v1/jobs?select=%2A&status=eq.queued&order=id.asc "HTTP/2 200 OK"
2026-07-09 14:05:10,299 | INFO | HTTP Request: GET https://hsoqpekheoymjspsqybs.supabase.co/rest/v1/jobs?select=%2A&status=eq.queued&order=id.asc "HTTP/2 200 OK"
2026-07-09 14:05:12,492 | INFO | HTTP Request: GET https://hsoqpekheoymjspsqybs.supabase.co/rest/v1/jobs?select=%2A&status=eq.queued&order=id.asc "HTTP/2 200 OK"
2026-07-09 14:05:14,673 | INFO | HTTP Request: GET https://hsoqpekheoymjspsqybs.supabase.co/rest/v1/jobs?select=%2A&status=eq.queued&order=id.asc "HTTP/2 200 OK"
2026-07-09 14:05:16,866 | INFO | HTTP Request: GET https://hsoqpekheoymjspsqybs.supabase.co/rest/v1/jobs?select=%2A&status=eq.queued&order=id.asc "HTTP/2 200 OK"
2026-07-09 14:05:19,039 | INFO | HTTP Request: GET https://hsoqpekheoymjspsqybs.supabase.co/rest/v1/jobs?select=%2A&status=eq.queued&order=id.asc "HTTP/2 200 OK"
2026-07-09 14:05:21,222 | INFO | HTTP Request: GET https://hsoqpekheoymjspsqybs.supabase.co/rest/v1/jobs?select=%2A&status=eq.queued&order=id.asc "HTTP/2 200 OK"
2026-07-09 14:05:23,388 | INFO | HTTP Request: GET https://hsoqpekheoymjspsqybs.supabase.co/rest/v1/jobs?select=%2A&status=eq.queued&order=id.asc "HTTP/2 200 OK"
2026-07-09 14:05:25,553 | INFO | HTTP Request: GET https://hsoqpekheoymjspsqybs.supabase.co/rest/v1/jobs?select=%2A&status=eq.queued&order=id.asc "HTTP/2 200 OK"
2026-07-09 14:05:27,741 | INFO | HTTP Request: GET https://hsoqpekheoymjspsqybs.supabase.co/rest/v1/jobs?select=%2A&status=eq.queued&order=id.asc "HTTP/2 200 OK"
2026-07-09 14:05:29,912 | INFO | HTTP Request: GET https://hsoqpekheoymjspsqybs.supabase.co/rest/v1/jobs?select=%2A&status=eq.queued&order=id.asc "HTTP/2 200 OK"
2026-07-09 14:05:32,076 | INFO | HTTP Request: GET https://hsoqpekheoymjspsqybs.supabase.co/rest/v1/jobs?select=%2A&status=eq.queued&order=id.asc "HTTP/2 200 OK"
2026-07-09 14:05:34,283 | INFO | HTTP Request: GET https://hsoqpekheoymjspsqybs.supabase.co/rest/v1/jobs?select=%2A&status=eq.queued&order=id.asc "HTTP/2 200 OK"
2026-07-09 14:05:36,488 | INFO | HTTP Request: GET https://hsoqpekheoymjspsqybs.supabase.co/rest/v1/jobs?select=%2A&status=eq.queued&order=id.asc "HTTP/2 200 OK"
2026-07-09 14:05:38,672 | INFO | HTTP Request: GET https://hsoqpekheoymjspsqybs.supabase.co/rest/v1/jobs?select=%2A&status=eq.queued&order=id.asc "HTTP/2 200 OK"
2026-07-09 14:05:40,847 | INFO | HTTP Request: GET https://hsoqpekheoymjspsqybs.supabase.co/rest/v1/jobs?select=%2A&status=eq.queued&order=id.asc "HTTP/2 200 OK"
2026-07-09 14:05:43,026 | INFO | HTTP Request: GET https://hsoqpekheoymjspsqybs.supabase.co/rest/v1/jobs?select=%2A&status=eq.queued&order=id.asc "HTTP/2 200 OK"
2026-07-09 14:05:45,193 | INFO | HTTP Request: GET https://hsoqpekheoymjspsqybs.supabase.co/rest/v1/jobs?select=%2A&status=eq.queued&order=id.asc "HTTP/2 200 OK"
2026-07-09 14:05:47,382 | INFO | HTTP Request: GET https://hsoqpekheoymjspsqybs.supabase.co/rest/v1/jobs?select=%2A&status=eq.queued&order=id.asc "HTTP/2 200 OK"
2026-07-09 14:05:49,542 | INFO | HTTP Request: GET https://hsoqpekheoymjspsqybs.supabase.co/rest/v1/jobs?select=%2A&status=eq.queued&order=id.asc "HTTP/2 200 OK"
2026-07-09 14:05:51,723 | INFO | HTTP Request: GET https://hsoqpekheoymjspsqybs.supabase.co/rest/v1/jobs?select=%2A&status=eq.queued&order=id.asc "HTTP/2 200 OK"
2026-07-09 14:05:53,899 | INFO | HTTP Request: GET https://hsoqpekheoymjspsqybs.supabase.co/rest/v1/jobs?select=%2A&status=eq.queued&order=id.asc "HTTP/2 200 OK"
2026-07-09 14:05:56,071 | INFO | HTTP Request: GET https://hsoqpekheoymjspsqybs.supabase.co/rest/v1/jobs?select=%2A&status=eq.queued&order=id.asc "HTTP/2 200 OK"
2026-07-09 14:05:58,247 | INFO | HTTP Request: GET https://hsoqpekheoymjspsqybs.supabase.co/rest/v1/jobs?select=%2A&status=eq.queued&order=id.asc "HTTP/2 200 OK"
2026-07-09 14:06:00,428 | INFO | HTTP Request: GET https://hsoqpekheoymjspsqybs.supabase.co/rest/v1/jobs?select=%2A&status=eq.queued&order=id.asc "HTTP/2 200 OK"
2026-07-09 14:06:02,699 | INFO | HTTP Request: GET https://hsoqpekheoymjspsqybs.supabase.co/rest/v1/jobs?select=%2A&status=eq.queued&order=id.asc "HTTP/2 200 OK"
2026-07-09 14:06:04,868 | INFO | HTTP Request: GET https://hsoqpekheoymjspsqybs.supabase.co/rest/v1/jobs?select=%2A&status=eq.queued&order=id.asc "HTTP/2 200 OK"
2026-07-09 14:06:07,042 | INFO | HTTP Request: GET https://hsoqpekheoymjspsqybs.supabase.co/rest/v1/jobs?select=%2A&status=eq.queued&order=id.asc "HTTP/2 200 OK"
2026-07-09 14:06:09,214 | INFO | HTTP Request: GET https://hsoqpekheoymjspsqybs.supabase.co/rest/v1/jobs?select=%2A&status=eq.queued&order=id.asc "HTTP/2 200 OK"
2026-07-09 14:06:11,406 | INFO | HTTP Request: GET https://hsoqpekheoymjspsqybs.supabase.co/rest/v1/jobs?select=%2A&status=eq.queued&order=id.asc "HTTP/2 200 OK"
2026-07-09 14:06:13,567 | INFO | HTTP Request: GET https://hsoqpekheoymjspsqybs.supabase.co/rest/v1/jobs?select=%2A&status=eq.queued&order=id.asc "HTTP/2 200 OK"
2026-07-09 14:06:15,747 | INFO | HTTP Request: GET https://hsoqpekheoymjspsqybs.supabase.co/rest/v1/jobs?select=%2A&status=eq.queued&order=id.asc "HTTP/2 200 OK"
2026-07-09 14:06:17,930 | INFO | HTTP Request: GET https://hsoqpekheoymjspsqybs.supabase.co/rest/v1/jobs?select=%2A&status=eq.queued&order=id.asc "HTTP/2 200 OK"
2026-07-09 14:06:20,097 | INFO | HTTP Request: GET https://hsoqpekheoymjspsqybs.supabase.co/rest/v1/jobs?select=%2A&status=eq.queued&order=id.asc "HTTP/2 200 OK"
2026-07-09 14:06:22,263 | INFO | HTTP Request: GET https://hsoqpekheoymjspsqybs.supabase.co/rest/v1/jobs?select=%2A&status=eq.queued&order=id.asc "HTTP/2 200 OK"
